{"location":"linkedin_impl.ts:step0","message":"step0 entered","data":{"cwd":"/Users/admin/extratech/inquisitive-mind/finalboss","__dirname":"/Users/admin/extratech/inquisitive-mind/finalboss/src/bots/linkedin"},"timestamp":1769920931516,"sessionId":"debug-session","hypothesisId":"H1"}
{"location":"linkedin_impl.ts:step0","message":"Context ready","data":{"hasFormData":true,"locations":"sydney","keywords":"java","locationInputCandidates":5,"keywordInputCandidates":6},"timestamp":1769920931521,"sessionId":"debug-session","hypothesisId":"H1"}
{"location":"linkedin_impl.ts:setSearchKeywords","message":"Entry","data":{"keywords":"java","keywordsLength":4},"timestamp":1769920946990,"sessionId":"debug-session","hypothesisId":"H1"}
{"location":"linkedin_impl.ts:setSearchKeywords","message":"Keywords already in URL, skipping","data":{"urlKeywords":"java","yielded":"search_keywords_set"},"timestamp":1769920947000,"sessionId":"debug-session","hypothesisId":"H1"}
{"location":"linkedin_impl.ts:setSearchLocation","message":"Entry","data":{"location":"sydney","locationLength":6},"timestamp":1769920948161,"sessionId":"debug-session","hypothesisId":"H1"}
{"location":"linkedin_impl.ts:setSearchLocation","message":"Location already in URL, skipping","data":{"urlLocation":"sydney","yielded":"search_location_set"},"timestamp":1769920948202,"sessionId":"debug-session","hypothesisId":"H1"}
{"location":"linkedin_impl.ts:applyFilters","message":"Before All filters","data":{},"timestamp":1769920951345,"sessionId":"debug-session","hypothesisId":"H4"}
{"location":"linkedin_impl.ts:applyFilters","message":"Filters applied","data":{"yielded":"filters_applied_successfully"},"timestamp":1769920957194,"sessionId":"debug-session","hypothesisId":"H4"}
{"location":"linkedin_impl.ts:extractJobDetails","message":"Job cards found","data":{"jobCardsLength":25,"currentUrl":"https://www.linkedin.com/jobs/search/?currentJobId=4360441035&distance=25&keywords=java&location=sydney&origin=JOB_SEARCH_PAGE_JOB_FILTER&sortBy=R"},"timestamp":1769920961551,"sessionId":"debug-session","hypothesisId":"H3"}
{"location":"linkedin_impl.ts:extractJobDetails","message":"Extract done","data":{"extractedCount":18,"yielded":"proceed_to_process_jobs"},"timestamp":1769920977407,"sessionId":"debug-session","hypothesisId":"H3"}
{"location":"linkedin_impl.ts:step0","message":"step0 entered","data":{"cwd":"/Users/admin/extratech/inquisitive-mind/finalboss","__dirname":"/Users/admin/extratech/inquisitive-mind/finalboss/src/bots/linkedin"},"timestamp":1769923134404,"sessionId":"debug-session","hypothesisId":"H1"}
{"location":"linkedin_impl.ts:step0","message":"Context ready","data":{"hasFormData":true,"locations":"sydney","keywords":"java","locationInputCandidates":5,"keywordInputCandidates":6},"timestamp":1769923134421,"sessionId":"debug-session","hypothesisId":"H1"}
{"location":"linkedin_impl.ts:step0","message":"step0 entered","data":{"cwd":"/Users/admin/extratech/inquisitive-mind/finalboss","__dirname":"/Users/admin/extratech/inquisitive-mind/finalboss/src/bots/linkedin"},"timestamp":1769923145071,"sessionId":"debug-session","hypothesisId":"H1"}
{"location":"linkedin_impl.ts:step0","message":"Context ready","data":{"hasFormData":true,"locations":"sydney","keywords":"java","locationInputCandidates":5,"keywordInputCandidates":6},"timestamp":1769923145072,"sessionId":"debug-session","hypothesisId":"H1"}
{"location":"linkedin_impl.ts:setSearchKeywords","message":"Entry","data":{"keywords":"java","keywordsLength":4},"timestamp":1769923160183,"sessionId":"debug-session","hypothesisId":"H1"}
{"location":"linkedin_impl.ts:setSearchKeywords","message":"Keywords already in URL, skipping","data":{"urlKeywords":"java","yielded":"search_keywords_set"},"timestamp":1769923160193,"sessionId":"debug-session","hypothesisId":"H1"}
{"location":"linkedin_impl.ts:setSearchLocation","message":"Entry","data":{"location":"sydney","locationLength":6},"timestamp":1769923161309,"sessionId":"debug-session","hypothesisId":"H1"}
{"location":"linkedin_impl.ts:setSearchLocation","message":"Location already in URL, skipping","data":{"urlLocation":"sydney","yielded":"search_location_set"},"timestamp":1769923161317,"sessionId":"debug-session","hypothesisId":"H1"}
{"location":"linkedin_impl.ts:applyFilters","message":"Before All filters","data":{},"timestamp":1769923164435,"sessionId":"debug-session","hypothesisId":"H4"}
{"location":"linkedin_impl.ts:applyFilters","message":"Filters applied","data":{"yielded":"filters_applied_successfully"},"timestamp":1769923170242,"sessionId":"debug-session","hypothesisId":"H4"}
{"location":"linkedin_impl.ts:extractJobDetails","message":"Job cards found","data":{"jobCardsLength":25,"currentUrl":"https://www.linkedin.com/jobs/search/?currentJobId=4330651316&distance=25&keywords=java&location=sydney&origin=JOB_SEARCH_PAGE_JOB_FILTER&sortBy=R"},"timestamp":1769923174506,"sessionId":"debug-session","hypothesisId":"H3"}
{"location":"linkedin_impl.ts:extractJobDetails","message":"Extract done","data":{"extractedCount":25,"yielded":"proceed_to_process_jobs"},"timestamp":1769923188626,"sessionId":"debug-session","hypothesisId":"H3"}
{"location":"linkedin_impl.ts:step0","message":"step0 entered","data":{"cwd":"/Users/admin/extratech/inquisitive-mind/finalboss","__dirname":"/Users/admin/extratech/inquisitive-mind/finalboss/src/bots/linkedin"},"timestamp":1769923392475,"sessionId":"debug-session","hypothesisId":"H1"}
{"location":"linkedin_impl.ts:step0","message":"Context ready","data":{"hasFormData":true,"locations":"sydney","keywords":"java","locationInputCandidates":5,"keywordInputCandidates":6},"timestamp":1769923392476,"sessionId":"debug-session","hypothesisId":"H1"}
{"location":"linkedin_impl.ts:setSearchKeywords","message":"Entry","data":{"keywords":"java","keywordsLength":4},"timestamp":1769923408425,"sessionId":"debug-session","hypothesisId":"H1"}
{"location":"linkedin_impl.ts:setSearchKeywords","message":"Keywords already in URL, skipping","data":{"urlKeywords":"java","yielded":"search_keywords_set"},"timestamp":1769923408437,"sessionId":"debug-session","hypothesisId":"H1"}
{"location":"linkedin_impl.ts:setSearchLocation","message":"Entry","data":{"location":"sydney","locationLength":6},"timestamp":1769923409550,"sessionId":"debug-session","hypothesisId":"H1"}
{"location":"linkedin_impl.ts:setSearchLocation","message":"Location already in URL, skipping","data":{"urlLocation":"sydney","yielded":"search_location_set"},"timestamp":1769923409561,"sessionId":"debug-session","hypothesisId":"H1"}
{"location":"linkedin_impl.ts:applyFilters","message":"Before All filters","data":{},"timestamp":1769923412679,"sessionId":"debug-session","hypothesisId":"H4"}
{"location":"linkedin_impl.ts:applyFilters","message":"Filters applied","data":{"yielded":"filters_applied_successfully"},"timestamp":1769923418328,"sessionId":"debug-session","hypothesisId":"H4"}
{"location":"linkedin_impl.ts:extractJobDetails","message":"Job cards found","data":{"jobCardsLength":25,"currentUrl":"https://www.linkedin.com/jobs/search/?currentJobId=4365443486&distance=25&keywords=java&location=sydney&origin=JOB_SEARCH_PAGE_JOB_FILTER&sortBy=R"},"timestamp":1769923422595,"sessionId":"debug-session","hypothesisId":"H3"}
{"location":"linkedin_impl.ts:extractJobDetails","message":"Extract done","data":{"extractedCount":24,"yielded":"proceed_to_process_jobs"},"timestamp":1769923436953,"sessionId":"debug-session","hypothesisId":"H3"}
{"location":"linkedin_impl.ts:step0","message":"step0 entered","data":{"cwd":"/Users/admin/extratech/inquisitive-mind/finalboss","__dirname":"/Users/admin/extratech/inquisitive-mind/finalboss/src/bots/linkedin"},"timestamp":1769923717139,"sessionId":"debug-session","hypothesisId":"H1"}
{"location":"linkedin_impl.ts:step0","message":"Context ready","data":{"hasFormData":true,"locations":"sydney","keywords":"java","locationInputCandidates":5,"keywordInputCandidates":6},"timestamp":1769923717140,"sessionId":"debug-session","hypothesisId":"H1"}
{"location":"linkedin_impl.ts:setSearchKeywords","message":"Entry","data":{"keywords":"java","keywordsLength":4},"timestamp":1769923865482,"sessionId":"debug-session","hypothesisId":"H1"}
{"location":"linkedin_impl.ts:setSearchKeywords","message":"Keywords already in URL, skipping","data":{"urlKeywords":"java","yielded":"search_keywords_set"},"timestamp":1769923865492,"sessionId":"debug-session","hypothesisId":"H1"}
{"location":"linkedin_impl.ts:setSearchLocation","message":"Entry","data":{"location":"sydney","locationLength":6},"timestamp":1769923866604,"sessionId":"debug-session","hypothesisId":"H1"}
{"location":"linkedin_impl.ts:setSearchLocation","message":"Location already in URL, skipping","data":{"urlLocation":"sydney","yielded":"search_location_set"},"timestamp":1769923866633,"sessionId":"debug-session","hypothesisId":"H1"}
{"location":"linkedin_impl.ts:applyFilters","message":"Before All filters","data":{},"timestamp":1769923869766,"sessionId":"debug-session","hypothesisId":"H4"}
{"location":"linkedin_impl.ts:applyFilters","message":"Filters applied","data":{"yielded":"filters_applied_successfully"},"timestamp":1769923875719,"sessionId":"debug-session","hypothesisId":"H4"}
{"location":"linkedin_impl.ts:extractJobDetails","message":"Job cards found","data":{"jobCardsLength":25,"currentUrl":"https://www.linkedin.com/jobs/search/?currentJobId=4330651316&distance=25&keywords=java&location=sydney&origin=JOB_SEARCH_PAGE_JOB_FILTER&sortBy=R"},"timestamp":1769923879985,"sessionId":"debug-session","hypothesisId":"H3"}
{"location":"linkedin_impl.ts:extractJobDetails","message":"Extract done","data":{"extractedCount":21,"yielded":"proceed_to_process_jobs"},"timestamp":1769923894329,"sessionId":"debug-session","hypothesisId":"H3"}
{"location":"linkedin_impl.ts:step0","message":"step0 entered","data":{"cwd":"/Users/admin/extratech/inquisitive-mind/finalboss","__dirname":"/Users/admin/extratech/inquisitive-mind/finalboss/src/bots/linkedin"},"timestamp":1769925066026,"sessionId":"debug-session","hypothesisId":"H1"}
{"location":"linkedin_impl.ts:step0","message":"Context ready","data":{"hasFormData":true,"locations":"sydney","keywords":"java","locationInputCandidates":5,"keywordInputCandidates":6},"timestamp":1769925066026,"sessionId":"debug-session","hypothesisId":"H1"}
{"location":"linkedin_impl.ts:setSearchKeywords","message":"Entry","data":{"keywords":"java","keywordsLength":4},"timestamp":1769925081567,"sessionId":"debug-session","hypothesisId":"H1"}
{"location":"linkedin_impl.ts:setSearchKeywords","message":"Keywords already in URL, skipping","data":{"urlKeywords":"java","yielded":"search_keywords_set"},"timestamp":1769925081579,"sessionId":"debug-session","hypothesisId":"H1"}
{"location":"linkedin_impl.ts:setSearchLocation","message":"Entry","data":{"location":"sydney","locationLength":6},"timestamp":1769925082695,"sessionId":"debug-session","hypothesisId":"H1"}
{"location":"linkedin_impl.ts:setSearchLocation","message":"Location already in URL, skipping","data":{"urlLocation":"sydney","yielded":"search_location_set"},"timestamp":1769925082705,"sessionId":"debug-session","hypothesisId":"H1"}
{"location":"linkedin_impl.ts:applyFilters","message":"Before All filters","data":{},"timestamp":1769925085818,"sessionId":"debug-session","hypothesisId":"H4"}
{"location":"linkedin_impl.ts:applyFilters","message":"Filters applied","data":{"yielded":"filters_applied_successfully"},"timestamp":1769925091387,"sessionId":"debug-session","hypothesisId":"H4"}
{"location":"linkedin_impl.ts:extractJobDetails","message":"Job cards found","data":{"jobCardsLength":25,"currentUrl":"https://www.linkedin.com/jobs/search/?currentJobId=4367737188&distance=25&keywords=java&location=sydney&origin=JOB_SEARCH_PAGE_JOB_FILTER&sortBy=R"},"timestamp":1769925095651,"sessionId":"debug-session","hypothesisId":"H3"}
{"location":"linkedin_impl.ts:extractJobDetails","message":"Extract done","data":{"extractedCount":25,"yielded":"proceed_to_process_jobs"},"timestamp":1769925109598,"sessionId":"debug-session","hypothesisId":"H3"}
{"location":"linkedin_impl.ts:step0","message":"step0 entered","data":{"cwd":"/Users/admin/extratech/inquisitive-mind/finalboss","__dirname":"/Users/admin/extratech/inquisitive-mind/finalboss/src/bots/linkedin"},"timestamp":1769925423885,"sessionId":"debug-session","hypothesisId":"H1"}
{"location":"linkedin_impl.ts:step0","message":"Context ready","data":{"hasFormData":true,"locations":"sydney","keywords":"java","locationInputCandidates":5,"keywordInputCandidates":6},"timestamp":1769925423886,"sessionId":"debug-session","hypothesisId":"H1"}
{"location":"linkedin_impl.ts:step0","message":"step0 entered","data":{"cwd":"/Users/admin/extratech/inquisitive-mind/finalboss","__dirname":"/Users/admin/extratech/inquisitive-mind/finalboss/src/bots/linkedin"},"timestamp":1769925465179,"sessionId":"debug-session","hypothesisId":"H1"}
{"location":"linkedin_impl.ts:step0","message":"Context ready","data":{"hasFormData":true,"locations":"sydney","keywords":"java","locationInputCandidates":5,"keywordInputCandidates":6},"timestamp":1769925465180,"sessionId":"debug-session","hypothesisId":"H1"}
{"location":"linkedin_impl.ts:step0","message":"step0 entered","data":{"cwd":"/Users/admin/extratech/inquisitive-mind/finalboss","__dirname":"/Users/admin/extratech/inquisitive-mind/finalboss/src/bots/linkedin"},"timestamp":1769925488399,"sessionId":"debug-session","hypothesisId":"H1"}
{"location":"linkedin_impl.ts:step0","message":"Context ready","data":{"hasFormData":true,"locations":"sydney","keywords":"java","locationInputCandidates":5,"keywordInputCandidates":6},"timestamp":1769925488399,"sessionId":"debug-session","hypothesisId":"H1"}
{"location":"linkedin_impl.ts:step0","message":"step0 entered","data":{"cwd":"/Users/admin/extratech/inquisitive-mind/finalboss","__dirname":"/Users/admin/extratech/inquisitive-mind/finalboss/src/bots/linkedin"},"timestamp":1769925502099,"sessionId":"debug-session","hypothesisId":"H1"}
{"location":"linkedin_impl.ts:step0","message":"Context ready","data":{"hasFormData":true,"locations":"sydney","keywords":"java","locationInputCandidates":5,"keywordInputCandidates":6},"timestamp":1769925502100,"sessionId":"debug-session","hypothesisId":"H1"}
{"location":"linkedin_impl.ts:setSearchKeywords","message":"Entry","data":{"keywords":"java","keywordsLength":4},"timestamp":1769925518197,"sessionId":"debug-session","hypothesisId":"H1"}
{"location":"linkedin_impl.ts:setSearchKeywords","message":"Keywords already in URL, skipping","data":{"urlKeywords":"java","yielded":"search_keywords_set"},"timestamp":1769925518209,"sessionId":"debug-session","hypothesisId":"H1"}
{"location":"linkedin_impl.ts:setSearchLocation","message":"Entry","data":{"location":"sydney","locationLength":6},"timestamp":1769925519326,"sessionId":"debug-session","hypothesisId":"H1"}
{"location":"linkedin_impl.ts:setSearchLocation","message":"Location already in URL, skipping","data":{"urlLocation":"sydney","yielded":"search_location_set"},"timestamp":1769925519336,"sessionId":"debug-session","hypothesisId":"H1"}
{"location":"linkedin_impl.ts:applyFilters","message":"Before All filters","data":{},"timestamp":1769925522456,"sessionId":"debug-session","hypothesisId":"H4"}
{"location":"linkedin_impl.ts:applyFilters","message":"Filters applied","data":{"yielded":"filters_applied_successfully"},"timestamp":1769925528130,"sessionId":"debug-session","hypothesisId":"H4"}
{"location":"linkedin_impl.ts:extractJobDetails","message":"Job cards found","data":{"jobCardsLength":25,"currentUrl":"https://www.linkedin.com/jobs/search/?currentJobId=4360837476&distance=25&keywords=java&location=sydney&origin=JOB_SEARCH_PAGE_JOB_FILTER&sortBy=R"},"timestamp":1769925532393,"sessionId":"debug-session","hypothesisId":"H3"}
{"location":"linkedin_impl.ts:extractJobDetails","message":"Extract done","data":{"extractedCount":25,"yielded":"proceed_to_process_jobs"},"timestamp":1769925546371,"sessionId":"debug-session","hypothesisId":"H3"}
{"location":"linkedin_impl.ts:step0","message":"step0 entered","data":{"cwd":"/Users/admin/extratech/inquisitive-mind/finalboss","__dirname":"/Users/admin/extratech/inquisitive-mind/finalboss/src/bots/linkedin"},"timestamp":1769925787501,"sessionId":"debug-session","hypothesisId":"H1"}
{"location":"linkedin_impl.ts:step0","message":"Context ready","data":{"hasFormData":true,"locations":"sydney","keywords":"java","locationInputCandidates":5,"keywordInputCandidates":6},"timestamp":1769925787502,"sessionId":"debug-session","hypothesisId":"H1"}
{"location":"linkedin_impl.ts:setSearchKeywords","message":"Entry","data":{"keywords":"java","keywordsLength":4},"timestamp":1769925817176,"sessionId":"debug-session","hypothesisId":"H1"}
{"location":"linkedin_impl.ts:setSearchKeywords","message":"Keywords already in URL, skipping","data":{"urlKeywords":"java","yielded":"search_keywords_set"},"timestamp":1769925817189,"sessionId":"debug-session","hypothesisId":"H1"}
{"location":"linkedin_impl.ts:setSearchLocation","message":"Entry","data":{"location":"sydney","locationLength":6},"timestamp":1769925818308,"sessionId":"debug-session","hypothesisId":"H1"}
{"location":"linkedin_impl.ts:setSearchLocation","message":"Location already in URL, skipping","data":{"urlLocation":"sydney","yielded":"search_location_set"},"timestamp":1769925818322,"sessionId":"debug-session","hypothesisId":"H1"}
{"location":"linkedin_impl.ts:applyFilters","message":"Before All filters","data":{},"timestamp":1769925821442,"sessionId":"debug-session","hypothesisId":"H4"}
{"location":"linkedin_impl.ts:applyFilters","message":"Filters applied","data":{"yielded":"filters_applied_successfully"},"timestamp":1769925827358,"sessionId":"debug-session","hypothesisId":"H4"}
{"location":"linkedin_impl.ts:extractJobDetails","message":"Job cards found","data":{"jobCardsLength":25,"currentUrl":"https://www.linkedin.com/jobs/search/?currentJobId=4336604448&distance=25&keywords=java&location=sydney&origin=JOB_SEARCH_PAGE_JOB_FILTER&sortBy=R"},"timestamp":1769925831635,"sessionId":"debug-session","hypothesisId":"H3"}
{"location":"linkedin_impl.ts:extractJobDetails","message":"Extract done","data":{"extractedCount":25,"yielded":"proceed_to_process_jobs"},"timestamp":1769925846247,"sessionId":"debug-session","hypothesisId":"H3"}
{"location":"linkedin_impl.ts:step0","message":"step0 entered","data":{"cwd":"/Users/admin/extratech/inquisitive-mind/finalboss","__dirname":"/Users/admin/extratech/inquisitive-mind/finalboss/src/bots/linkedin"},"timestamp":1769926302470,"sessionId":"debug-session","hypothesisId":"H1"}
{"location":"linkedin_impl.ts:step0","message":"Context ready","data":{"hasFormData":true,"locations":"sydney","keywords":"java","locationInputCandidates":5,"keywordInputCandidates":6},"timestamp":1769926302471,"sessionId":"debug-session","hypothesisId":"H1"}
{"location":"linkedin_impl.ts:setSearchKeywords","message":"Entry","data":{"keywords":"java","keywordsLength":4},"timestamp":1769926321469,"sessionId":"debug-session","hypothesisId":"H1"}
{"location":"linkedin_impl.ts:setSearchKeywords","message":"Keywords already in URL, skipping","data":{"urlKeywords":"java","yielded":"search_keywords_set"},"timestamp":1769926321482,"sessionId":"debug-session","hypothesisId":"H1"}
{"location":"linkedin_impl.ts:setSearchLocation","message":"Entry","data":{"location":"sydney","locationLength":6},"timestamp":1769926322603,"sessionId":"debug-session","hypothesisId":"H1"}
{"location":"linkedin_impl.ts:setSearchLocation","message":"Location already in URL, skipping","data":{"urlLocation":"sydney","yielded":"search_location_set"},"timestamp":1769926322615,"sessionId":"debug-session","hypothesisId":"H1"}
{"location":"linkedin_impl.ts:applyFilters","message":"Before All filters","data":{},"timestamp":1769926325734,"sessionId":"debug-session","hypothesisId":"H4"}
{"location":"linkedin_impl.ts:applyFilters","message":"Filters applied","data":{"yielded":"filters_applied_successfully"},"timestamp":1769926331663,"sessionId":"debug-session","hypothesisId":"H4"}
{"location":"linkedin_impl.ts:extractJobDetails","message":"Job cards found","data":{"jobCardsLength":25,"currentUrl":"https://www.linkedin.com/jobs/search/?currentJobId=4336604448&distance=25&keywords=java&location=sydney&origin=JOB_SEARCH_PAGE_JOB_FILTER&sortBy=R"},"timestamp":1769926335940,"sessionId":"debug-session","hypothesisId":"H3"}
{"location":"linkedin_impl.ts:extractJobDetails","message":"Extract done","data":{"extractedCount":25,"yielded":"proceed_to_process_jobs"},"timestamp":1769926350226,"sessionId":"debug-session","hypothesisId":"H3"}
{"location":"linkedin_impl.ts:step0","message":"step0 entered","data":{"cwd":"/Users/admin/extratech/inquisitive-mind/finalboss","__dirname":"/Users/admin/extratech/inquisitive-mind/finalboss/src/bots/linkedin"},"timestamp":1769927277191,"sessionId":"debug-session","hypothesisId":"H1"}
{"location":"linkedin_impl.ts:step0","message":"Context ready","data":{"hasFormData":true,"locations":"sydney","keywords":"java","locationInputCandidates":5,"keywordInputCandidates":6},"timestamp":1769927277192,"sessionId":"debug-session","hypothesisId":"H1"}
{"location":"linkedin_impl.ts:setSearchKeywords","message":"Entry","data":{"keywords":"java","keywordsLength":4},"timestamp":1769927296411,"sessionId":"debug-session","hypothesisId":"H1"}
{"location":"linkedin_impl.ts:setSearchKeywords","message":"Keywords already in URL, skipping","data":{"urlKeywords":"java","yielded":"search_keywords_set"},"timestamp":1769927296423,"sessionId":"debug-session","hypothesisId":"H1"}
{"location":"linkedin_impl.ts:setSearchLocation","message":"Entry","data":{"location":"sydney","locationLength":6},"timestamp":1769927297539,"sessionId":"debug-session","hypothesisId":"H1"}
{"location":"linkedin_impl.ts:setSearchLocation","message":"Location already in URL, skipping","data":{"urlLocation":"sydney","yielded":"search_location_set"},"timestamp":1769927297552,"sessionId":"debug-session","hypothesisId":"H1"}
{"location":"linkedin_impl.ts:applyFilters","message":"Before All filters","data":{},"timestamp":1769927300677,"sessionId":"debug-session","hypothesisId":"H4"}
{"location":"linkedin_impl.ts:applyFilters","message":"Filters applied","data":{"yielded":"filters_applied_successfully"},"timestamp":1769927306484,"sessionId":"debug-session","hypothesisId":"H4"}
{"location":"linkedin_impl.ts:extractJobDetails","message":"Job cards found","data":{"jobCardsLength":25,"currentUrl":"https://www.linkedin.com/jobs/search/?currentJobId=4355224104&distance=25&keywords=java&location=sydney&origin=JOB_SEARCH_PAGE_JOB_FILTER&sortBy=R"},"timestamp":1769927310759,"sessionId":"debug-session","hypothesisId":"H3"}
{"location":"linkedin_impl.ts:extractJobDetails","message":"Extract done","data":{"extractedCount":25,"yielded":"proceed_to_process_jobs"},"timestamp":1769927325009,"sessionId":"debug-session","hypothesisId":"H3"}
{"location":"linkedin_impl.ts:step0","message":"step0 entered","data":{"cwd":"/Users/admin/extratech/inquisitive-mind/finalboss","__dirname":"/Users/admin/extratech/inquisitive-mind/finalboss/src/bots/linkedin"},"timestamp":1769928312289,"sessionId":"debug-session","hypothesisId":"H1"}
{"location":"linkedin_impl.ts:step0","message":"Context ready","data":{"hasFormData":true,"locations":"sydney","keywords":"java","locationInputCandidates":5,"keywordInputCandidates":6},"timestamp":1769928312291,"sessionId":"debug-session","hypothesisId":"H1"}
{"location":"linkedin_impl.ts:setSearchKeywords","message":"Entry","data":{"keywords":"java","keywordsLength":4},"timestamp":1769928331152,"sessionId":"debug-session","hypothesisId":"H1"}
{"location":"linkedin_impl.ts:setSearchKeywords","message":"Keywords already in URL, skipping","data":{"urlKeywords":"java","yielded":"search_keywords_set"},"timestamp":1769928331164,"sessionId":"debug-session","hypothesisId":"H1"}
{"location":"linkedin_impl.ts:setSearchLocation","message":"Entry","data":{"location":"sydney","locationLength":6},"timestamp":1769928332285,"sessionId":"debug-session","hypothesisId":"H1"}
{"location":"linkedin_impl.ts:setSearchLocation","message":"Location already in URL, skipping","data":{"urlLocation":"sydney","yielded":"search_location_set"},"timestamp":1769928332297,"sessionId":"debug-session","hypothesisId":"H1"}
{"location":"linkedin_impl.ts:applyFilters","message":"Before All filters","data":{},"timestamp":1769928335413,"sessionId":"debug-session","hypothesisId":"H4"}
{"location":"linkedin_impl.ts:applyFilters","message":"Filters applied","data":{"yielded":"filters_applied_successfully"},"timestamp":1769928341154,"sessionId":"debug-session","hypothesisId":"H4"}
{"location":"linkedin_impl.ts:extractJobDetails","message":"Job cards found","data":{"jobCardsLength":25,"currentUrl":"https://www.linkedin.com/jobs/search/?currentJobId=4330432270&distance=25&keywords=java&location=sydney&origin=JOB_SEARCH_PAGE_JOB_FILTER&sortBy=R"},"timestamp":1769928345431,"sessionId":"debug-session","hypothesisId":"H3"}
{"location":"linkedin_impl.ts:extractJobDetails","message":"Extract done","data":{"extractedCount":25,"yielded":"proceed_to_process_jobs"},"timestamp":1769928359691,"sessionId":"debug-session","hypothesisId":"H3"}
{"location":"linkedin_impl.ts:step0","message":"step0 entered","data":{"cwd":"/Users/admin/extratech/inquisitive-mind/finalboss","__dirname":"/Users/admin/extratech/inquisitive-mind/finalboss/src/bots/linkedin"},"timestamp":1769929130024,"sessionId":"debug-session","hypothesisId":"H1"}
{"location":"linkedin_impl.ts:step0","message":"Context ready","data":{"hasFormData":true,"locations":"sydney","keywords":"java","locationInputCandidates":5,"keywordInputCandidates":6},"timestamp":1769929130025,"sessionId":"debug-session","hypothesisId":"H1"}
{"location":"linkedin_impl.ts:setSearchKeywords","message":"Entry","data":{"keywords":"java","keywordsLength":4},"timestamp":1769929209779,"sessionId":"debug-session","hypothesisId":"H1"}
{"location":"linkedin_impl.ts:setSearchKeywords","message":"Keywords already in URL, skipping","data":{"urlKeywords":"java","yielded":"search_keywords_set"},"timestamp":1769929209790,"sessionId":"debug-session","hypothesisId":"H1"}
{"location":"linkedin_impl.ts:setSearchLocation","message":"Entry","data":{"location":"sydney","locationLength":6},"timestamp":1769929210909,"sessionId":"debug-session","hypothesisId":"H1"}
{"location":"linkedin_impl.ts:setSearchLocation","message":"Location already in URL, skipping","data":{"urlLocation":"sydney","yielded":"search_location_set"},"timestamp":1769929210921,"sessionId":"debug-session","hypothesisId":"H1"}
{"location":"linkedin_impl.ts:applyFilters","message":"Before All filters","data":{},"timestamp":1769929214039,"sessionId":"debug-session","hypothesisId":"H4"}
{"location":"linkedin_impl.ts:applyFilters","message":"Filters applied","data":{"yielded":"filters_applied_successfully"},"timestamp":1769929219832,"sessionId":"debug-session","hypothesisId":"H4"}
{"location":"linkedin_impl.ts:extractJobDetails","message":"Job cards found","data":{"jobCardsLength":25,"currentUrl":"https://www.linkedin.com/jobs/search/?currentJobId=4363460252&distance=25&keywords=java&location=sydney&origin=JOB_SEARCH_PAGE_JOB_FILTER&sortBy=R"},"timestamp":1769929224108,"sessionId":"debug-session","hypothesisId":"H3"}
{"location":"linkedin_impl.ts:extractJobDetails","message":"Extract done","data":{"extractedCount":23,"yielded":"proceed_to_process_jobs"},"timestamp":1769929238313,"sessionId":"debug-session","hypothesisId":"H3"}
{"location":"linkedin_impl.ts:step0","message":"step0 entered","data":{"cwd":"/Users/admin/extratech/inquisitive-mind/finalboss","__dirname":"/Users/admin/extratech/inquisitive-mind/finalboss/src/bots/linkedin"},"timestamp":1769929426429,"sessionId":"debug-session","hypothesisId":"H1"}
{"location":"linkedin_impl.ts:step0","message":"Context ready","data":{"hasFormData":true,"locations":"sydney","keywords":"java","locationInputCandidates":5,"keywordInputCandidates":6},"timestamp":1769929426430,"sessionId":"debug-session","hypothesisId":"H1"}
{"location":"linkedin_impl.ts:setSearchKeywords","message":"Entry","data":{"keywords":"java","keywordsLength":4},"timestamp":1769929445455,"sessionId":"debug-session","hypothesisId":"H1"}
{"location":"linkedin_impl.ts:setSearchKeywords","message":"Keywords already in URL, skipping","data":{"urlKeywords":"java","yielded":"search_keywords_set"},"timestamp":1769929445467,"sessionId":"debug-session","hypothesisId":"H1"}
{"location":"linkedin_impl.ts:setSearchLocation","message":"Entry","data":{"location":"sydney","locationLength":6},"timestamp":1769929446585,"sessionId":"debug-session","hypothesisId":"H1"}
{"location":"linkedin_impl.ts:setSearchLocation","message":"Location already in URL, skipping","data":{"urlLocation":"sydney","yielded":"search_location_set"},"timestamp":1769929446597,"sessionId":"debug-session","hypothesisId":"H1"}
{"location":"linkedin_impl.ts:applyFilters","message":"Before All filters","data":{},"timestamp":1769929449719,"sessionId":"debug-session","hypothesisId":"H4"}
{"location":"linkedin_impl.ts:applyFilters","message":"Filters applied","data":{"yielded":"filters_applied_successfully"},"timestamp":1769929455508,"sessionId":"debug-session","hypothesisId":"H4"}
{"location":"linkedin_impl.ts:extractJobDetails","message":"Job cards found","data":{"jobCardsLength":25,"currentUrl":"https://www.linkedin.com/jobs/search/?currentJobId=4360466104&distance=25&keywords=java&location=sydney&origin=JOB_SEARCH_PAGE_JOB_FILTER&sortBy=R"},"timestamp":1769929459790,"sessionId":"debug-session","hypothesisId":"H3"}
{"location":"linkedin_impl.ts:extractJobDetails","message":"Extract done","data":{"extractedCount":8,"yielded":"proceed_to_process_jobs"},"timestamp":1769929473353,"sessionId":"debug-session","hypothesisId":"H3"}
{"location":"linkedin_impl.ts:step0","message":"step0 entered","data":{"cwd":"/Users/admin/extratech/inquisitive-mind/finalboss","__dirname":"/Users/admin/extratech/inquisitive-mind/finalboss/src/bots/linkedin"},"timestamp":1769929971099,"sessionId":"debug-session","hypothesisId":"H1"}
{"location":"linkedin_impl.ts:step0","message":"Context ready","data":{"hasFormData":true,"locations":"sydney","keywords":"java","locationInputCandidates":5,"keywordInputCandidates":6},"timestamp":1769929971100,"sessionId":"debug-session","hypothesisId":"H1"}
{"location":"linkedin_impl.ts:setSearchKeywords","message":"Entry","data":{"keywords":"java","keywordsLength":4},"timestamp":1769930006148,"sessionId":"debug-session","hypothesisId":"H1"}
{"location":"linkedin_impl.ts:setSearchKeywords","message":"Keywords already in URL, skipping","data":{"urlKeywords":"java","yielded":"search_keywords_set"},"timestamp":1769930006171,"sessionId":"debug-session","hypothesisId":"H1"}
{"location":"linkedin_impl.ts:setSearchLocation","message":"Entry","data":{"location":"sydney","locationLength":6},"timestamp":1769930007292,"sessionId":"debug-session","hypothesisId":"H1"}
{"location":"linkedin_impl.ts:setSearchLocation","message":"Location already in URL, skipping","data":{"urlLocation":"sydney","yielded":"search_location_set"},"timestamp":1769930007305,"sessionId":"debug-session","hypothesisId":"H1"}
{"location":"linkedin_impl.ts:applyFilters","message":"Before All filters","data":{},"timestamp":1769930010424,"sessionId":"debug-session","hypothesisId":"H4"}
{"location":"linkedin_impl.ts:applyFilters","message":"Filters applied","data":{"yielded":"filters_applied_successfully"},"timestamp":1769930016154,"sessionId":"debug-session","hypothesisId":"H4"}
{"location":"linkedin_impl.ts:extractJobDetails","message":"Job cards found","data":{"jobCardsLength":25,"currentUrl":"https://www.linkedin.com/jobs/search/?currentJobId=4354773761&distance=25&keywords=java&location=sydney&origin=JOB_SEARCH_PAGE_JOB_FILTER&sortBy=R"},"timestamp":1769930021033,"sessionId":"debug-session","hypothesisId":"H3"}
{"location":"linkedin_impl.ts:extractJobDetails","message":"Extract done","data":{"extractedCount":17,"yielded":"proceed_to_process_jobs"},"timestamp":1769930035501,"sessionId":"debug-session","hypothesisId":"H3"}
{"location":"linkedin_impl.ts:step0","message":"step0 entered","data":{"cwd":"/Users/admin/extratech/inquisitive-mind/finalboss","__dirname":"/Users/admin/extratech/inquisitive-mind/finalboss/src/bots/linkedin"},"timestamp":1769936380327,"sessionId":"debug-session","hypothesisId":"H1"}
{"location":"linkedin_impl.ts:step0","message":"Context ready","data":{"hasFormData":true,"locations":"sydney","keywords":"java","locationInputCandidates":5,"keywordInputCandidates":6},"timestamp":1769936380329,"sessionId":"debug-session","hypothesisId":"H1"}
{"location":"linkedin_impl.ts:setSearchKeywords","message":"Entry","data":{"keywords":"java","keywordsLength":4},"timestamp":1769936397018,"sessionId":"debug-session","hypothesisId":"H1"}
{"location":"linkedin_impl.ts:setSearchKeywords","message":"Keywords already in URL, skipping","data":{"urlKeywords":"java","yielded":"search_keywords_set"},"timestamp":1769936397032,"sessionId":"debug-session","hypothesisId":"H1"}
{"location":"linkedin_impl.ts:setSearchLocation","message":"Entry","data":{"location":"sydney","locationLength":6},"timestamp":1769936398152,"sessionId":"debug-session","hypothesisId":"H1"}
{"location":"linkedin_impl.ts:setSearchLocation","message":"Location already in URL, skipping","data":{"urlLocation":"sydney","yielded":"search_location_set"},"timestamp":1769936398165,"sessionId":"debug-session","hypothesisId":"H1"}
{"location":"linkedin_impl.ts:applyFilters","message":"Before All filters","data":{},"timestamp":1769936401284,"sessionId":"debug-session","hypothesisId":"H4"}
{"location":"linkedin_impl.ts:applyFilters","message":"Filters applied","data":{"yielded":"filters_applied_successfully"},"timestamp":1769936407205,"sessionId":"debug-session","hypothesisId":"H4"}
{"location":"linkedin_impl.ts:extractJobDetails","message":"Job cards found","data":{"jobCardsLength":25,"currentUrl":"https://www.linkedin.com/jobs/search/?currentJobId=4367299475&distance=25&keywords=java&location=sydney&origin=JOB_SEARCH_PAGE_JOB_FILTER&sortBy=R"},"timestamp":1769936411500,"sessionId":"debug-session","hypothesisId":"H3"}
{"location":"linkedin_impl.ts:extractJobDetails","message":"Extract done","data":{"extractedCount":25,"yielded":"proceed_to_process_jobs"},"timestamp":1769936425825,"sessionId":"debug-session","hypothesisId":"H3"}
{"location":"linkedin_impl.ts:step0","message":"step0 entered","data":{"cwd":"/Users/admin/extratech/inquisitive-mind/finalboss","__dirname":"/Users/admin/extratech/inquisitive-mind/finalboss/src/bots/linkedin"},"timestamp":1769943038746,"sessionId":"debug-session","hypothesisId":"H1"}
{"location":"linkedin_impl.ts:step0","message":"Context ready","data":{"hasFormData":true,"locations":"sydney","keywords":"java","locationInputCandidates":5,"keywordInputCandidates":6},"timestamp":1769943038747,"sessionId":"debug-session","hypothesisId":"H1"}
{"location":"linkedin_impl.ts:step0","message":"step0 entered","data":{"cwd":"/Users/admin/extratech/inquisitive-mind/finalboss","__dirname":"/Users/admin/extratech/inquisitive-mind/finalboss/src/bots/linkedin"},"timestamp":1769943066817,"sessionId":"debug-session","hypothesisId":"H1"}
{"location":"linkedin_impl.ts:step0","message":"Context ready","data":{"hasFormData":true,"locations":"sydney","keywords":"java","locationInputCandidates":5,"keywordInputCandidates":6},"timestamp":1769943066818,"sessionId":"debug-session","hypothesisId":"H1"}
{"location":"linkedin_impl.ts:setSearchKeywords","message":"Entry","data":{"keywords":"java","keywordsLength":4},"timestamp":1769943083088,"sessionId":"debug-session","hypothesisId":"H1"}
{"location":"linkedin_impl.ts:setSearchKeywords","message":"Keywords already in URL, skipping","data":{"urlKeywords":"java","yielded":"search_keywords_set"},"timestamp":1769943083100,"sessionId":"debug-session","hypothesisId":"H1"}
{"location":"linkedin_impl.ts:setSearchLocation","message":"Entry","data":{"location":"sydney","locationLength":6},"timestamp":1769943084217,"sessionId":"debug-session","hypothesisId":"H1"}
{"location":"linkedin_impl.ts:setSearchLocation","message":"Location already in URL, skipping","data":{"urlLocation":"sydney","yielded":"search_location_set"},"timestamp":1769943084228,"sessionId":"debug-session","hypothesisId":"H1"}
{"location":"linkedin_impl.ts:applyFilters","message":"Before All filters","data":{},"timestamp":1769943087342,"sessionId":"debug-session","hypothesisId":"H4"}
{"location":"linkedin_impl.ts:applyFilters","message":"Filters applied","data":{"yielded":"filters_applied_successfully"},"timestamp":1769943093013,"sessionId":"debug-session","hypothesisId":"H4"}
{"location":"linkedin_impl.ts:extractJobDetails","message":"Job cards found","data":{"jobCardsLength":25,"currentUrl":"https://www.linkedin.com/jobs/search/?currentJobId=4330432270&distance=25&keywords=java&location=sydney&origin=JOB_SEARCH_PAGE_JOB_FILTER&sortBy=R"},"timestamp":1769943097283,"sessionId":"debug-session","hypothesisId":"H3"}
{"location":"linkedin_impl.ts:extractJobDetails","message":"Extract done","data":{"extractedCount":25,"yielded":"proceed_to_process_jobs"},"timestamp":1769943111144,"sessionId":"debug-session","hypothesisId":"H3"}
{"location":"linkedin_impl.ts:step0","message":"step0 entered","data":{"cwd":"/Users/admin/extratech/inquisitive-mind/finalboss","__dirname":"/Users/admin/extratech/inquisitive-mind/finalboss/src/bots/linkedin"},"timestamp":1769943260119,"sessionId":"debug-session","hypothesisId":"H1"}
{"location":"linkedin_impl.ts:step0","message":"Context ready","data":{"hasFormData":true,"locations":"sydney","keywords":"java","locationInputCandidates":5,"keywordInputCandidates":6},"timestamp":1769943260120,"sessionId":"debug-session","hypothesisId":"H1"}
{"location":"linkedin_impl.ts:setSearchKeywords","message":"Entry","data":{"keywords":"java","keywordsLength":4},"timestamp":1769943276030,"sessionId":"debug-session","hypothesisId":"H1"}
{"location":"linkedin_impl.ts:setSearchKeywords","message":"Keywords already in URL, skipping","data":{"urlKeywords":"java","yielded":"search_keywords_set"},"timestamp":1769943276043,"sessionId":"debug-session","hypothesisId":"H1"}
{"location":"linkedin_impl.ts:setSearchLocation","message":"Entry","data":{"location":"sydney","locationLength":6},"timestamp":1769943277156,"sessionId":"debug-session","hypothesisId":"H1"}
{"location":"linkedin_impl.ts:setSearchLocation","message":"Location already in URL, skipping","data":{"urlLocation":"sydney","yielded":"search_location_set"},"timestamp":1769943277166,"sessionId":"debug-session","hypothesisId":"H1"}
{"location":"linkedin_impl.ts:applyFilters","message":"Before All filters","data":{},"timestamp":1769943280283,"sessionId":"debug-session","hypothesisId":"H4"}
{"location":"linkedin_impl.ts:applyFilters","message":"Filters applied","data":{"yielded":"filters_applied_successfully"},"timestamp":1769943285969,"sessionId":"debug-session","hypothesisId":"H4"}
{"location":"linkedin_impl.ts:extractJobDetails","message":"Job cards found","data":{"jobCardsLength":25,"currentUrl":"https://www.linkedin.com/jobs/search/?currentJobId=4330432270&distance=25&keywords=java&location=sydney&origin=JOB_SEARCH_PAGE_JOB_FILTER&sortBy=R"},"timestamp":1769943290238,"sessionId":"debug-session","hypothesisId":"H3"}
{"location":"linkedin_impl.ts:extractJobDetails","message":"Extract done","data":{"extractedCount":25,"yielded":"proceed_to_process_jobs"},"timestamp":1769943304218,"sessionId":"debug-session","hypothesisId":"H3"}
{"location":"linkedin_impl.ts:step0","message":"step0 entered","data":{"cwd":"/Users/admin/extratech/inquisitive-mind/finalboss","__dirname":"/Users/admin/extratech/inquisitive-mind/finalboss/src/bots/linkedin"},"timestamp":1769943415922,"sessionId":"debug-session","hypothesisId":"H1"}
{"location":"linkedin_impl.ts:step0","message":"Context ready","data":{"hasFormData":true,"locations":"sydney","keywords":"java","locationInputCandidates":5,"keywordInputCandidates":6},"timestamp":1769943415923,"sessionId":"debug-session","hypothesisId":"H1"}
{"location":"linkedin_impl.ts:setSearchKeywords","message":"Entry","data":{"keywords":"java","keywordsLength":4},"timestamp":1769943431791,"sessionId":"debug-session","hypothesisId":"H1"}
{"location":"linkedin_impl.ts:setSearchKeywords","message":"Keywords already in URL, skipping","data":{"urlKeywords":"java","yielded":"search_keywords_set"},"timestamp":1769943431803,"sessionId":"debug-session","hypothesisId":"H1"}
{"location":"linkedin_impl.ts:setSearchLocation","message":"Entry","data":{"location":"sydney","locationLength":6},"timestamp":1769943432916,"sessionId":"debug-session","hypothesisId":"H1"}
{"location":"linkedin_impl.ts:setSearchLocation","message":"Location already in URL, skipping","data":{"urlLocation":"sydney","yielded":"search_location_set"},"timestamp":1769943432927,"sessionId":"debug-session","hypothesisId":"H1"}
{"location":"linkedin_impl.ts:applyFilters","message":"Before All filters","data":{},"timestamp":1769943436044,"sessionId":"debug-session","hypothesisId":"H4"}
{"location":"linkedin_impl.ts:applyFilters","message":"Filters applied","data":{"yielded":"filters_applied_successfully"},"timestamp":1769943441657,"sessionId":"debug-session","hypothesisId":"H4"}
{"location":"linkedin_impl.ts:extractJobDetails","message":"Job cards found","data":{"jobCardsLength":25,"currentUrl":"https://www.linkedin.com/jobs/search/?currentJobId=4330432270&distance=25&keywords=java&location=sydney&origin=JOB_SEARCH_PAGE_JOB_FILTER&sortBy=R"},"timestamp":1769943445918,"sessionId":"debug-session","hypothesisId":"H3"}
{"location":"linkedin_impl.ts:extractJobDetails","message":"Extract done","data":{"extractedCount":25,"yielded":"proceed_to_process_jobs"},"timestamp":1769943459829,"sessionId":"debug-session","hypothesisId":"H3"}
{"location":"linkedin_impl.ts:step0","message":"step0 entered","data":{"cwd":"/Users/admin/extratech/inquisitive-mind/finalboss","__dirname":"/Users/admin/extratech/inquisitive-mind/finalboss/src/bots/linkedin"},"timestamp":1770546691093,"sessionId":"debug-session","hypothesisId":"H1"}
{"location":"linkedin_impl.ts:step0","message":"Context ready","data":{"hasFormData":true,"locations":"sydney","keywords":"java","locationInputCandidates":5,"keywordInputCandidates":6},"timestamp":1770546691096,"sessionId":"debug-session","hypothesisId":"H1"}
{"location":"linkedin_impl.ts:setSearchKeywords","message":"Entry","data":{"keywords":"java","keywordsLength":4},"timestamp":1770546712342,"sessionId":"debug-session","hypothesisId":"H1"}
{"location":"linkedin_impl.ts:setSearchKeywords","message":"Keywords already in URL, skipping","data":{"urlKeywords":"java","yielded":"search_keywords_set"},"timestamp":1770546712358,"sessionId":"debug-session","hypothesisId":"H1"}
{"location":"linkedin_impl.ts:setSearchLocation","message":"Entry","data":{"location":"sydney","locationLength":6},"timestamp":1770546713485,"sessionId":"debug-session","hypothesisId":"H1"}
{"location":"linkedin_impl.ts:setSearchLocation","message":"Location already in URL, skipping","data":{"urlLocation":"sydney","yielded":"search_location_set"},"timestamp":1770546713498,"sessionId":"debug-session","hypothesisId":"H1"}
{"location":"linkedin_impl.ts:applyFilters","message":"Before All filters","data":{},"timestamp":1770546716624,"sessionId":"debug-session","hypothesisId":"H4"}
{"location":"linkedin_impl.ts:applyFilters","message":"Filters applied","data":{"yielded":"filters_applied_successfully"},"timestamp":1770546722622,"sessionId":"debug-session","hypothesisId":"H4"}
{"location":"linkedin_impl.ts:extractJobDetails","message":"Job cards found","data":{"jobCardsLength":25,"currentUrl":"https://www.linkedin.com/jobs/search/?currentJobId=4369702730&distance=25&keywords=java&location=sydney&origin=JOB_SEARCH_PAGE_JOB_FILTER&sortBy=R"},"timestamp":1770546726901,"sessionId":"debug-session","hypothesisId":"H3"}
{"location":"linkedin_impl.ts:extractJobDetails","message":"Extract done","data":{"extractedCount":25,"yielded":"proceed_to_process_jobs"},"timestamp":1770546741566,"sessionId":"debug-session","hypothesisId":"H3"}
